<<<<<<< HEAD
This is pdfTeX, Version 3.1415926-2.5-1.40.14 (TeX Live 2013/Debian) (format=pdflatex 2015.2.16)  7 MAR 2017 12:35
=======
This is pdfTeX, Version 3.14159265-2.6-1.40.16 (TeX Live 2015/Debian) (preloaded format=pdflatex 2017.1.7)  8 MAR 2017 20:52
>>>>>>> 72d9a46ae2fa6dbbbf509ef8ea1fcfeaee190d31
entering extended mode
 restricted \write18 enabled.
 %&-line parsing enabled.
**main.tex

! Emergency stop.
<*> main.tex
            
End of file on the terminal!

 
Here is how much of TeX's memory you used:
<<<<<<< HEAD
 3 strings out of 493304
 105 string characters out of 6139871
 51880 words of memory out of 5000000
 3564 multiletter control sequences out of 15000+600000
 3640 words of font info for 14 fonts, out of 8000000 for 9000
 957 hyphenation exceptions out of 8191
 0i,0n,0p,11b,6s stack positions out of 5000i,500n,10000p,200000b,80000s
=======
 6 strings out of 494910
 132 string characters out of 6179837
 45442 words of memory out of 5000000
 3397 multiletter control sequences out of 15000+600000
 3640 words of font info for 14 fonts, out of 8000000 for 9000
 36 hyphenation exceptions out of 8191
 0i,0n,0p,22b,6s stack positions out of 5000i,500n,10000p,200000b,80000s
>>>>>>> 72d9a46ae2fa6dbbbf509ef8ea1fcfeaee190d31
!  ==> Fatal error occurred, no output PDF file produced!
