\BOOKMARK [0][]{section*.1}{AES and SNOW 3G are Feasible Choices}{}% 1
\BOOKMARK [0][]{section*.1}{Authors' Instructions}{}% 2
\BOOKMARK [1][]{section.2}{Introduction}{section*.1}% 3
\BOOKMARK [1][]{section.20}{Identity Based Encryption \(IBE\) in the Jargon of Encryption}{section*.1}% 4
\BOOKMARK [1][]{section.28}{Solutions}{section*.1}% 5
\BOOKMARK [2][-]{subsection.35}{Solution Based on Certificate Based Public-key Encryption}{section.28}% 6
\BOOKMARK [3][-]{section*.36}{Description}{subsection.35}% 7
\BOOKMARK [3][-]{section*.42}{Revocation of the Public Keys of SNs}{subsection.35}% 8
\BOOKMARK [3][-]{section*.43}{Revocation of the Public Key of the HN}{subsection.35}% 9
\BOOKMARK [3][-]{section*.50}{Pros and Cons}{subsection.35}% 10
\BOOKMARK [2][-]{subsection.51}{Solution Based on Certificate Based Public-key Encryption with a Very Short Trust Chain}{section.28}% 11
\BOOKMARK [3][-]{section*.52}{Description}{subsection.51}% 12
\BOOKMARK [3][-]{section*.53}{Revocation of the Public keys of SNs and the HN}{subsection.51}% 13
\BOOKMARK [3][-]{section*.55}{Pros and Cons}{subsection.51}% 14
\BOOKMARK [2][-]{subsection.57}{Solution Based on Certificate Based Public-key Encryption with a Very Short Trust Chain and Pre-provisioned Public Kyes of SNs}{section.28}% 15
\BOOKMARK [3][-]{section*.58}{Description}{subsection.57}% 16
\BOOKMARK [3][-]{section*.60}{Revocation of Public Keys of SNs and the HN}{subsection.57}% 17
\BOOKMARK [3][-]{section*.61}{Pros and Cons}{subsection.57}% 18
\BOOKMARK [2][-]{subsection.62}{Solution based on Root-key based Encryption}{section.28}% 19
\BOOKMARK [3][-]{section*.63}{Description}{subsection.62}% 20
\BOOKMARK [3][-]{section*.65}{Revocation of the Root-Key}{subsection.62}% 21
\BOOKMARK [3][-]{section*.66}{Pros and Cons}{subsection.62}% 22
\BOOKMARK [2][-]{subsection.67}{Solution based on IBE}{section.28}% 23
\BOOKMARK [3][-]{section*.70}{Description}{subsection.67}% 24
\BOOKMARK [3][-]{section*.72}{Revocation of Public Keys SNs}{subsection.67}% 25
\BOOKMARK [3][-]{section*.73}{Revocation of the Public Key of the HN}{subsection.67}% 26
\BOOKMARK [3][-]{section*.78}{Pros and Cons}{subsection.67}% 27
\BOOKMARK [1][]{section.79}{Evaluation}{section*.1}% 28
\BOOKMARK [1][]{section.82}{Conclusion}{section*.1}% 29
\BOOKMARK [1][]{section.83}{Acknowledgement}{section*.1}% 30
\BOOKMARK [1][]{section*.84}{References}{section*.1}% 31
