This is pdfTeX, Version 3.1415926-2.5-1.40.14 (TeX Live 2013/Debian) (format=pdflatex 2015.2.16)  21 NOV 2016 16:55
entering extended mode
 restricted \write18 enabled.
 %&-line parsing enabled.
**main.tex
(./main.tex
LaTeX2e <2011/06/27>
Babel <3.9h> and hyphenation patterns for 78 languages loaded.

LaTeX Warning: File `example.eps' already exists on the system.
               Not generating it from this source.

(/usr/share/texlive/texmf-dist/tex/latex/base/fix-cm.sty
Package: fix-cm 2006/09/13 v1.1m fixes to LaTeX

(/usr/share/texlive/texmf-dist/tex/latex/base/ts1enc.def
File: ts1enc.def 2001/06/05 v3.0e (jk/car/fm) Standard LaTeX file
)) (./svjour3.cls
Document Class: svjour3 2007/05/08 v3.2 
LaTeX document class for Springer journals
(/usr/share/texlive/texmf-dist/tex/latex/base/fleqn.clo
File: fleqn.clo 1998/08/17 v1.1c Standard LaTeX option (flush left equations)
\mathindent=\dimen102
)
Class Springer-SVJour3 Info: extra/valid Springer sub-package (-> *.clo) 
(Springer-SVJour3)           not found in option list of \documentclass
(Springer-SVJour3)           - autoactivating "global" style.
 (./svglov3.clo
File: svglov3.clo 2009/12/18 v3.2 style option for standardised journals

SVJour Class option: svglov3.clo for standardised journals
)
LaTeX Font Info:    Redeclaring math symbol \Gamma on input line 147.
LaTeX Font Info:    Redeclaring math symbol \Delta on input line 148.
LaTeX Font Info:    Redeclaring math symbol \Theta on input line 149.
LaTeX Font Info:    Redeclaring math symbol \Lambda on input line 150.
LaTeX Font Info:    Redeclaring math symbol \Xi on input line 151.
LaTeX Font Info:    Redeclaring math symbol \Pi on input line 152.
LaTeX Font Info:    Redeclaring math symbol \Sigma on input line 153.
LaTeX Font Info:    Redeclaring math symbol \Upsilon on input line 154.
LaTeX Font Info:    Redeclaring math symbol \Phi on input line 155.
LaTeX Font Info:    Redeclaring math symbol \Psi on input line 156.
LaTeX Font Info:    Redeclaring math symbol \Omega on input line 157.
\logodepth=\dimen103
\headerboxheight=\dimen104
\betweenumberspace=\dimen105
\aftertext=\dimen106
\headlineindent=\dimen107
\c@inst=\count79
\c@auth=\count80
\instindent=\dimen108
\authrun=\box26
\authorrunning=\toks14
\titrun=\box27
\titlerunning=\toks15
\combirun=\box28
\c@lastpage=\count81
\rubricwidth=\dimen109
\c@section=\count82
\c@subsection=\count83
\c@subsubsection=\count84
\c@paragraph=\count85
\c@subparagraph=\count86
\spthmsep=\dimen110
\c@theorem=\count87
\c@case=\count88
\c@conjecture=\count89
\c@corollary=\count90
\c@definition=\count91
\c@example=\count92
\c@exercise=\count93
\c@lemma=\count94
\c@note=\count95
\c@problem=\count96
\c@property=\count97
\c@proposition=\count98
\c@question=\count99
\c@solution=\count100
\c@remark=\count101
\c@figure=\count102
\c@table=\count103
\abovecaptionskip=\skip41
\belowcaptionskip=\skip42
\figcapgap=\dimen111
\tabcapgap=\dimen112
\figgap=\dimen113
\bibindent=\dimen114
\@tempcntc=\count104
) (/usr/share/texlive/texmf-dist/tex/latex/graphics/graphicx.sty
Package: graphicx 1999/02/16 v1.0f Enhanced LaTeX Graphics (DPC,SPQR)

(/usr/share/texlive/texmf-dist/tex/latex/graphics/keyval.sty
Package: keyval 1999/03/16 v1.13 key=value parser (DPC)
\KV@toks@=\toks16
)
(/usr/share/texlive/texmf-dist/tex/latex/graphics/graphics.sty
Package: graphics 2009/02/05 v1.0o Standard LaTeX Graphics (DPC,SPQR)

(/usr/share/texlive/texmf-dist/tex/latex/graphics/trig.sty
Package: trig 1999/03/16 v1.09 sin cos tan (DPC)
)
(/usr/share/texlive/texmf-dist/tex/latex/latexconfig/graphics.cfg
File: graphics.cfg 2010/04/23 v1.9 graphics configuration of TeX Live
)
Package graphics Info: Driver file: pdftex.def on input line 91.

(/usr/share/texlive/texmf-dist/tex/latex/pdftex-def/pdftex.def
File: pdftex.def 2011/05/27 v0.06d Graphics/color for pdfTeX

(/usr/share/texlive/texmf-dist/tex/generic/oberdiek/infwarerr.sty
Package: infwarerr 2010/04/08 v1.3 Providing info/warning/error messages (HO)
)
(/usr/share/texlive/texmf-dist/tex/generic/oberdiek/ltxcmds.sty
Package: ltxcmds 2011/11/09 v1.22 LaTeX kernel commands for general use (HO)
)
\Gread@gobject=\count105
))
\Gin@req@height=\dimen115
\Gin@req@width=\dimen116
)
(/usr/share/texlive/texmf-dist/tex/latex/graphics/color.sty
Package: color 2005/11/14 v1.0j Standard LaTeX Color (DPC)

(/usr/share/texlive/texmf-dist/tex/latex/latexconfig/color.cfg
File: color.cfg 2007/01/18 v1.5 color configuration of teTeX/TeXLive
)
Package color Info: Driver file: pdftex.def on input line 130.
)
(/usr/share/texlive/texmf-dist/tex/latex/natbib/natbib.sty
Package: natbib 2010/09/13 8.31b (PWD, AO)
\bibhang=\skip43
\bibsep=\skip44
LaTeX Info: Redefining \cite on input line 694.
\c@NAT@ctr=\count106
)
(/usr/share/texlive/texmf-dist/tex/latex/tools/calc.sty
Package: calc 2007/08/22 v4.3 Infix arithmetic (KKT,FJ)
\calc@Acount=\count107
\calc@Bcount=\count108
\calc@Adimen=\dimen117
\calc@Bdimen=\dimen118
\calc@Askip=\skip45
\calc@Bskip=\skip46
LaTeX Info: Redefining \setlength on input line 76.
LaTeX Info: Redefining \addtolength on input line 77.
\calc@Ccount=\count109
\calc@Cskip=\skip47
) (./main.aux

LaTeX Warning: Label `fig:protocl_stack' multiply defined.

)
\openout1 = `main.aux'.

LaTeX Font Info:    Checking defaults for OML/cmm/m/it on input line 70.
LaTeX Font Info:    ... okay on input line 70.
LaTeX Font Info:    Checking defaults for T1/cmr/m/n on input line 70.
LaTeX Font Info:    ... okay on input line 70.
LaTeX Font Info:    Checking defaults for OT1/cmr/m/n on input line 70.
LaTeX Font Info:    ... okay on input line 70.
LaTeX Font Info:    Checking defaults for OMS/cmsy/m/n on input line 70.
LaTeX Font Info:    ... okay on input line 70.
LaTeX Font Info:    Checking defaults for OMX/cmex/m/n on input line 70.
LaTeX Font Info:    ... okay on input line 70.
LaTeX Font Info:    Checking defaults for U/cmr/m/n on input line 70.
LaTeX Font Info:    ... okay on input line 70.
LaTeX Font Info:    Checking defaults for TS1/cmr/m/n on input line 70.
LaTeX Font Info:    ... okay on input line 70.

Unknown journal: specify \journalname{<name of your journal>} in preambel

(/usr/share/texlive/texmf-dist/tex/context/base/supp-pdf.mkii
[Loading MPS to PDF converter (version 2006.09.02).]
\scratchcounter=\count110
\scratchdimen=\dimen119
\scratchbox=\box29
\nofMPsegments=\count111
\nofMParguments=\count112
\everyMPshowfont=\toks17
\MPscratchCnt=\count113
\MPscratchDim=\dimen120
\MPnumerator=\count114
\makeMPintoPDFobject=\count115
\everyMPtoPDFconversion=\toks18
) (/usr/share/texlive/texmf-dist/tex/generic/oberdiek/pdftexcmds.sty
Package: pdftexcmds 2011/11/29 v0.20 Utility functions of pdfTeX for LuaTeX (HO
)

(/usr/share/texlive/texmf-dist/tex/generic/oberdiek/ifluatex.sty
Package: ifluatex 2010/03/01 v1.3 Provides the ifluatex switch (HO)
Package ifluatex Info: LuaTeX not detected.
)
(/usr/share/texlive/texmf-dist/tex/generic/oberdiek/ifpdf.sty
Package: ifpdf 2011/01/30 v2.3 Provides the ifpdf switch (HO)
Package ifpdf Info: pdfTeX in PDF mode is detected.
)
Package pdftexcmds Info: LuaTeX not detected.
Package pdftexcmds Info: \pdf@primitive is available.
Package pdftexcmds Info: \pdf@ifprimitive is available.
Package pdftexcmds Info: \pdfdraftmode found.
)
(/usr/share/texlive/texmf-dist/tex/latex/oberdiek/epstopdf-base.sty
Package: epstopdf-base 2010/02/09 v2.5 Base part for package epstopdf

(/usr/share/texlive/texmf-dist/tex/latex/oberdiek/grfext.sty
Package: grfext 2010/08/19 v1.1 Manage graphics extensions (HO)

(/usr/share/texlive/texmf-dist/tex/generic/oberdiek/kvdefinekeys.sty
Package: kvdefinekeys 2011/04/07 v1.3 Define keys (HO)
))
(/usr/share/texlive/texmf-dist/tex/latex/oberdiek/kvoptions.sty
Package: kvoptions 2011/06/30 v3.11 Key value format for package options (HO)

(/usr/share/texlive/texmf-dist/tex/generic/oberdiek/kvsetkeys.sty
Package: kvsetkeys 2012/04/25 v1.16 Key value parser (HO)

(/usr/share/texlive/texmf-dist/tex/generic/oberdiek/etexcmds.sty
Package: etexcmds 2011/02/16 v1.5 Avoid name clashes with e-TeX commands (HO)
Package etexcmds Info: Could not find \expanded.
(etexcmds)             That can mean that you are not using pdfTeX 1.50 or
(etexcmds)             that some package has redefined \expanded.
(etexcmds)             In the latter case, load this package earlier.
)))
Package grfext Info: Graphics extension search list:
(grfext)             [.png,.pdf,.jpg,.mps,.jpeg,.jbig2,.jb2,.PNG,.PDF,.JPG,.JPE
G,.JBIG2,.JB2,.eps]
(grfext)             \AppendGraphicsExtensions on input line 452.

(/usr/share/texlive/texmf-dist/tex/latex/latexconfig/epstopdf-sys.cfg
File: epstopdf-sys.cfg 2010/07/13 v1.3 Configuration of (r)epstopdf for TeX Liv
e
))
SVJour3 warning: Missing \journalname
LaTeX Font Info:    External font `cmex10' loaded for size
(Font)              <7> on input line 104.
LaTeX Font Info:    External font `cmex10' loaded for size
(Font)              <5> on input line 104.
LaTeX Font Info:    Calculating math sizes for size <8.5> on input line 104.
LaTeX Font Info:    External font `cmex10' loaded for size
(Font)              <8.5> on input line 104.
LaTeX Font Info:    External font `cmex10' loaded for size
(Font)              <5.94997> on input line 104.
LaTeX Font Info:    External font `cmex10' loaded for size
(Font)              <4.25> on input line 104.

Underfull \vbox (badness 1038) has occurred while \output is active []

 [1{/var/lib/texmf/fonts/map/pdftex/updmap/pdftex.map}


]
<lte_architecture.jpg, id=12, 562.1pt x 335.2525pt>
File: lte_architecture.jpg Graphic file (type jpg)
 <use lte_architecture.jpg>
Package pdftex.def Info: lte_architecture.jpg used on input line 128.
(pdftex.def)             Requested size: 222.74849pt x 132.85043pt.

<protocl_stack.png, id=13, 700.86844pt x 319.94531pt>
File: protocl_stack.png Graphic file (type png)
 <use protocl_stack.png>
Package pdftex.def Info: protocl_stack.png used on input line 139.
(pdftex.def)             Requested size: 247.5pt x 112.98334pt.

Overfull \hbox (8.53583pt too wide) in paragraph at lines 139--141
[][] 
 []


Package natbib Warning: Citation `EEA1_EEA2' on page 2 undefined on input line 
145.


Overfull \hbox (9.2584pt too wide) in paragraph at lines 151--152
\OT1/cmr/m/n/10 can be achieved. How-ever, to achive this re-quired through-
 []

[2 <./lte_architecture.jpg> <./protocl_stack.png>]
Overfull \hbox (5.97963pt too wide) in paragraph at lines 153--154
\OT1/cmr/m/n/10 area ef-fi-ciency in the im-ple-men-ta-tions of AES and SNOW
 []


Underfull \hbox (badness 10000) in paragraph at lines 153--154

 []


Overfull \hbox (0.79727pt too wide) in paragraph at lines 172--172
[]\OT1/cmr/m/n/5 Year| 
 []


Overfull \hbox (1.20697pt too wide) in paragraph at lines 172--172
[]\OT1/cmr/m/n/5 Tech| 
 []


Underfull \hbox (badness 10000) in paragraph at lines 172--172
[]\OT1/cmr/m/n/5 TP
 []


Overfull \hbox (8.07518pt too wide) in paragraph at lines 172--172
\OT1/cmr/m/n/5 (Gbps)| 
 []


Overfull \hbox (4.32512pt too wide) in paragraph at lines 172--172
[]\OT1/cmr/m/n/5 Gates
 []


Overfull \hbox (4.08897pt too wide) in paragraph at lines 172--172
[]\OT1/cmr/m/n/5 Clock
 []


Overfull \hbox (4.78346pt too wide) in paragraph at lines 172--172
\OT1/cmr/m/n/5 Speed
 []


Overfull \hbox (6.56819pt too wide) in paragraph at lines 172--172
\OT1/cmr/m/n/5 (MHz)| 
 []


Overfull \hbox (5.18617pt too wide) in paragraph at lines 172--172
[]\OT1/cmr/m/n/5 Power
 []


Overfull \hbox (4.79042pt too wide) in paragraph at lines 172--172
\OT1/cmr/m/n/5 (mW)| 
 []


Overfull \hbox (1.83203pt too wide) in paragraph at lines 172--172
[]\OT1/cmr/m/n/5 Scal-
 []


Underfull \hbox (badness 10000) in paragraph at lines 172--172
\OT1/cmr/m/n/5 able
 []


Overfull \hbox (5.87376pt too wide) in paragraph at lines 172--172
\OT1/cmr/m/n/5 (Y/N)| 
 []


Overfull \hbox (27.96774pt too wide) in paragraph at lines 172--172
[]\OT1/cmr/m/n/5 Throughput
 []


Overfull \hbox (1.89095pt too wide) in paragraph at lines 172--172
\OT1/cmr/m/n/5 per
 []


Overfull \hbox (4.71045pt too wide) in paragraph at lines 172--172
\OT1/cmr/m/n/5 Kilo
 []


Overfull \hbox (9.27995pt too wide) in paragraph at lines 172--172
\OT1/cmr/m/n/5 Gates
 []


Underfull \hbox (badness 10000) in paragraph at lines 172--172
\OT1/cmr/m/n/5 in
 []


Overfull \hbox (7.6133pt too wide) in paragraph at lines 172--172
\OT1/cmr/m/n/5 Gpbs| 
 []


Overfull \hbox (13.19666pt too wide) in paragraph at lines 172--173
[]\OT1/cmr/m/n/5 Energy
 []


Overfull \hbox (1.89095pt too wide) in paragraph at lines 172--173
\OT1/cmr/m/n/5 per
 []


Overfull \hbox (5.84242pt too wide) in paragraph at lines 172--173
\OT1/cmr/m/n/5 Gbit
 []


Underfull \hbox (badness 10000) in paragraph at lines 172--173
\OT1/cmr/m/n/5 in
 []


Overfull \hbox (12.133pt too wide) in paragraph at lines 172--173
\OML/cmm/m/it/5 ^^V$\OT1/cmr/m/n/5 Joule| 
 []


Overfull \hbox (0.85982pt too wide) in paragraph at lines 174--174
[]\OT1/cmr/m/n/5 2001| 
 []


Overfull \hbox (0.59473pt too wide) in paragraph at lines 174--174
[]$\OML/cmm/m/it/5 :\OT1/cmr/m/n/5 11\OML/cmm/m/it/5 ^^V$| 
 []


Overfull \hbox (7.82857pt too wide) in paragraph at lines 174--174
[]\OT1/cmr/m/n/5 0.122| 
 []


Overfull \hbox (0.85982pt too wide) in paragraph at lines 175--175
[]\OT1/cmr/m/n/5 2001| 
 []


Overfull \hbox (0.59473pt too wide) in paragraph at lines 175--175
[]$\OML/cmm/m/it/5 :\OT1/cmr/m/n/5 11\OML/cmm/m/it/5 ^^V$| 
 []


Overfull \hbox (11.2314pt too wide) in paragraph at lines 175--175
[]\OT1/cmr/m/n/5 0.0576| 
 []


Overfull \hbox (0.85982pt too wide) in paragraph at lines 176--176
[]\OT1/cmr/m/n/5 2001| 
 []


Overfull \hbox (4.42574pt too wide) in paragraph at lines 176--176
[]\OT1/cmr/m/n/5 0.06| 
 []


Overfull \hbox (0.85982pt too wide) in paragraph at lines 177--177
[]\OT1/cmr/m/n/5 2006| 
 []


Overfull \hbox (0.59473pt too wide) in paragraph at lines 177--177
[]$\OML/cmm/m/it/5 :\OT1/cmr/m/n/5 18\OML/cmm/m/it/5 ^^V$| 
 []


Overfull \hbox (2.87373pt too wide) in paragraph at lines 177--177
[]\OT1/cmr/m/n/5 20.34| 
 []


Overfull \hbox (9.21748pt too wide) in paragraph at lines 177--177
[]\OT1/cmr/m/n/5 35684| 
 []


Overfull \hbox (0.85982pt too wide) in paragraph at lines 178--178
[]\OT1/cmr/m/n/5 2006| 
 []


Overfull \hbox (0.59473pt too wide) in paragraph at lines 178--178
[]$\OML/cmm/m/it/5 :\OT1/cmr/m/n/5 35\OML/cmm/m/it/5 ^^V$| 
 []


Overfull \hbox (2.87373pt too wide) in paragraph at lines 178--178
[]\OT1/cmr/m/n/5 192.5| 
 []


Overfull \hbox (12.62032pt too wide) in paragraph at lines 178--178
[]\OT1/cmr/m/n/5 338312| 
 []


Overfull \hbox (0.85982pt too wide) in paragraph at lines 179--179
[]\OT1/cmr/m/n/5 2007| 
 []


Overfull \hbox (0.59473pt too wide) in paragraph at lines 179--179
[]$\OML/cmm/m/it/5 :\OT1/cmr/m/n/5 18\OML/cmm/m/it/5 ^^V$| 
 []


Overfull \hbox (7.82857pt too wide) in paragraph at lines 179--179
[]\OT1/cmr/m/n/5 0.018| 
 []


Overfull \hbox (0.85982pt too wide) in paragraph at lines 180--180
[]\OT1/cmr/m/n/5 2009| 
 []


Overfull \hbox (0.59473pt too wide) in paragraph at lines 180--180
[]$\OML/cmm/m/it/5 :\OT1/cmr/m/n/5 18\OML/cmm/m/it/5 ^^V$| 
 []


Overfull \hbox (3.1515pt too wide) in paragraph at lines 180--180
[]$\OT1/cmr/m/n/5 19\OML/cmm/m/it/5 :\OT1/cmr/m/n/5 47$| 
 []


Overfull \hbox (7.82857pt too wide) in paragraph at lines 180--180
[]\OT1/cmr/m/n/5 0.056| 
 []


Overfull \hbox (0.85982pt too wide) in paragraph at lines 181--181
[]\OT1/cmr/m/n/5 2009| 
 []


Overfull \hbox (0.59473pt too wide) in paragraph at lines 181--181
[]$\OML/cmm/m/it/5 :\OT1/cmr/m/n/5 09\OML/cmm/m/it/5 ^^V$| 
 []


Overfull \hbox (3.1515pt too wide) in paragraph at lines 181--181
[]$\OT1/cmr/m/n/5 15\OML/cmm/m/it/5 :\OT1/cmr/m/n/5 25$| 
 []


Overfull \hbox (7.82857pt too wide) in paragraph at lines 181--181
[]\OT1/cmr/m/n/5 0.015| 
 []


Overfull \hbox (2.41182pt too wide) in paragraph at lines 181--181
[]\OT1/cmr/m/n/5 419| 
 []


Overfull \hbox (0.85982pt too wide) in paragraph at lines 182--182
[]\OT1/cmr/m/n/5 2011| 
 []


Overfull \hbox (11.2314pt too wide) in paragraph at lines 182--182
[]\OT1/cmr/m/n/5 186.18| 
 []


Overfull \hbox (0.85982pt too wide) in paragraph at lines 183--183
[]\OT1/cmr/m/n/5 2012| 
 []


Overfull \hbox (0.59473pt too wide) in paragraph at lines 183--183
[]$\OML/cmm/m/it/5 :\OT1/cmr/m/n/5 18\OML/cmm/m/it/5 ^^V$| 
 []


Overfull \hbox (6.55434pt too wide) in paragraph at lines 183--183
[]$\OT1/cmr/m/n/5 58\OML/cmm/m/it/5 :\OT1/cmr/m/n/5 445$| 
 []


Overfull \hbox (2.87373pt too wide) in paragraph at lines 183--183
[]\OT1/cmr/m/n/5 22.85| 
 []


Overfull \hbox (9.21748pt too wide) in paragraph at lines 183--183
[]\OT1/cmr/m/n/5 14281| 
 []


Overfull \hbox (0.30797pt too wide) in paragraph at lines 156--186
[]  
 []

(./main.bbl
Underfull \hbox (badness 2486) in paragraph at lines 12--16
\OT1/cmr/m/n/10 Sys-tems, Ar-chi-tec-tures and Pro-ces-sors, DOI 
 []


Underfull \hbox (badness 1314) in paragraph at lines 29--33
[]\OT1/cmr/m/n/10 Hessel S, Szczesny D, Lohmann N, Bil-gic A,
 []

Missing character: There is no â in font cmr10!
Missing character: There is no € in font cmr10!
Missing character: There is no ” in font cmr10!
Missing character: There is no â in font cmr10!
Missing character: There is no € in font cmr10!
Missing character: There is no ” in font cmr10!
[3]
Underfull \hbox (badness 4792) in paragraph at lines 60--63
\OT1/cmr/m/n/10 Asic im-ple-men-ta-tion of aesn. In: 2012 An-
 []


Underfull \hbox (badness 4168) in paragraph at lines 66--70
[]\OT1/cmr/m/n/10 Szczesny D, Showk A, Hes-sel S, Bil-gic A,
 []


Underfull \hbox (badness 1163) in paragraph at lines 66--70
\OT1/cmr/m/n/10 Uwe Hilde-brand VF (2009) Per-for-mance anal-
 []


Underfull \hbox (badness 1460) in paragraph at lines 66--70
\OT1/cmr/m/n/10 y-sis of LTE pro-to-col pro-cess-ing on an ARM
 []

)

Package natbib Warning: There were undefined citations.

[4

] (./main.aux)

LaTeX Warning: There were multiply-defined labels.

 ) 
Here is how much of TeX's memory you used:
 2699 strings out of 493304
 39674 string characters out of 6139871
 114921 words of memory out of 5000000
 6134 multiletter control sequences out of 15000+600000
 10001 words of font info for 35 fonts, out of 8000000 for 9000
 957 hyphenation exceptions out of 8191
 38i,9n,33p,1451b,278s stack positions out of 5000i,500n,10000p,200000b,80000s
</usr/share/texlive/texmf-dist/fonts/type1/public/amsfonts/cm/cmbsy10.pfb></u
sr/share/texlive/texmf-dist/fonts/type1/public/amsfonts/cm/cmbx10.pfb></usr/sha
re/texlive/texmf-dist/fonts/type1/public/amsfonts/cm/cmbx12.pfb></usr/share/tex
live/texmf-dist/fonts/type1/public/amsfonts/cm/cmbx8.pfb></usr/share/texlive/te
xmf-dist/fonts/type1/public/amsfonts/cm/cmmi10.pfb></usr/share/texlive/texmf-di
st/fonts/type1/public/amsfonts/cm/cmmi5.pfb></usr/share/texlive/texmf-dist/font
s/type1/public/amsfonts/cm/cmr10.pfb></usr/share/texlive/texmf-dist/fonts/type1
/public/amsfonts/cm/cmr5.pfb></usr/share/texlive/texmf-dist/fonts/type1/public/
amsfonts/cm/cmr8.pfb></usr/share/texlive/texmf-dist/fonts/type1/public/amsfonts
/cm/cmsy10.pfb></usr/share/texlive/texmf-dist/fonts/type1/public/amsfonts/cm/cm
sy5.pfb>
Output written on main.pdf (4 pages, 179820 bytes).
PDF statistics:
 63 PDF objects out of 1000 (max. 8388607)
 43 compressed objects within 1 object stream
 0 named destinations out of 1000 (max. 500000)
 11 words of extra memory for PDF output out of 10000 (max. 10000000)

