\BOOKMARK [0][-]{chapter.1}{Concealing IMSI in 5G Network Using Identity Based Encryption}{}% 1
\BOOKMARK [1][-]{section.1.1}{Introduction}{chapter.1}% 2
\BOOKMARK [1][-]{section.1.2}{3GPP-defined Aspects of Mobile Networks}{chapter.1}% 3
\BOOKMARK [2][-]{subsection.1.2.1}{System Overview}{section.1.2}% 4
\BOOKMARK [2][-]{subsection.1.2.2}{Current Solution Approach and its Weakness}{section.1.2}% 5
\BOOKMARK [1][-]{section.1.3}{Discussion on Different Proposed Solutions}{chapter.1}% 6
\BOOKMARK [2][-]{subsection.1.3.1}{Solution Based on Pseudonyms:}{section.1.3}% 7
\BOOKMARK [2][-]{subsection.1.3.2}{Solution Based on Certificate Based Public-key Cryptography}{section.1.3}% 8
\BOOKMARK [3][-]{section*.1}{Variant 1:}{subsection.1.3.2}% 9
\BOOKMARK [3][-]{section*.2}{Variant 2:}{subsection.1.3.2}% 10
\BOOKMARK [3][-]{section*.3}{Variant 3:}{subsection.1.3.2}% 11
\BOOKMARK [2][-]{subsection.1.3.3}{Solution Based on Root-key based Encryption}{section.1.3}% 12
\BOOKMARK [2][-]{subsection.1.3.4}{Solution Based on IBE}{section.1.3}% 13
\BOOKMARK [1][-]{section.1.4}{Details of the IBE Based Solution}{chapter.1}% 14
\BOOKMARK [2][-]{subsection.1.4.1}{How IBE works}{section.1.4}% 15
\BOOKMARK [2][-]{subsection.1.4.2}{Existing proposals of Using IBE in 5G Network}{section.1.4}% 16
\BOOKMARK [2][-]{subsection.1.4.3}{The Proposed Solution}{section.1.4}% 17
\BOOKMARK [3][-]{section*.4}{Description of the proposed solution}{subsection.1.4.3}% 18
\BOOKMARK [3][-]{section*.5}{Revocation of Public Keys}{subsection.1.4.3}% 19
\BOOKMARK [1][-]{section.1.5}{Comparison of Solutions}{chapter.1}% 20
\BOOKMARK [1][-]{section.1.6}{Conclusion}{chapter.1}% 21
\BOOKMARK [1][-]{section.1.7}{Acknowledgement}{chapter.1}% 22
